Selected Method: 466
Hyperparameter ranges tested:
NumTrees: [60, 120, 240, 500, 1000]
NumAttributes: [1, 2, 3, 4, 5]
NumDataPoints: [0.05, 0.1, 0.2, 0.25]
Best Hyperparameters: # of Trees: 500, # of Attributes: 5, # of Data Points: 25.0%

Training Accuracy: 0.9956875
Training Confusion Matrix:
           Predicted A  Predicted B  ...  Predicted Y  Predicted Z
Actual A          640            0  ...            0            0
Actual B            0          613  ...            0            0
Actual C            0            0  ...            0            0
Actual D            1            1  ...            0            0
Actual E            0            0  ...            0            1
Actual F            0            0  ...            0            0
Actual G            0            0  ...            0            0
Actual H            0            0  ...            0            0
Actual I            0            0  ...            0            0
Actual J            0            0  ...            0            0
Actual K            0            0  ...            0            0
Actual L            1            4  ...            0            0
Actual M            0            0  ...            0            0
Actual N            0            0  ...            0            0
Actual O            0            0  ...            0            0
Actual P            0            1  ...            0            0
Actual Q            1            0  ...            0            0
Actual R            0            1  ...            0            0
Actual S            1            1  ...            0            0
Actual T            0            1  ...            0            0
Actual U            0            0  ...            0            0
Actual V            0            2  ...            1            0
Actual W            0            0  ...            0            0
Actual X            0            1  ...            0            0
Actual Y            0            0  ...          618            0
Actual Z            0            0  ...            0          602

[26 rows x 26 columns]
Test Accuracy: 0.938
Test Confusion Matrix:
           Predicted A  Predicted B  ...  Predicted Y  Predicted Z
Actual A          149            0  ...            0            0
Actual B            0          150  ...            0            0
Actual C            0            0  ...            0            0
Actual D            1            3  ...            0            0
Actual E            0            1  ...            0            2
Actual F            0            1  ...            0            0
Actual G            1            1  ...            0            0
Actual H            0            8  ...            1            0
Actual I            0            0  ...            0            0
Actual J            0            0  ...            0            0
Actual K            0            1  ...            0            0
Actual L            3            2  ...            0            0
Actual M            2            1  ...            0            0
Actual N            0            2  ...            0            0
Actual O            0            0  ...            0            0
Actual P            0            2  ...            1            0
Actual Q            0            2  ...            0            0
Actual R            0            6  ...            0            0
Actual S            2            2  ...            0            1
Actual T            0            0  ...            1            2
Actual U            0            0  ...            0            0
Actual V            1            3  ...            0            0
Actual W            0            0  ...            0            0
Actual X            0            2  ...            0            0
Actual Y            0            0  ...          165            0
Actual Z            0            2  ...            0          126

[26 rows x 26 columns]

Precision/Recall/F1 (Train):
Precision: None, Recall: None, F1: None

Precision/Recall/F1 (Test):
Precision: None, Recall: None, F1: None
